android/app/build/intermediates/manifest_merge_blame_file/debug/manifest-merger-blame-debug-report.txt
1<?xml version="1.0" encoding="utf-8"?>
2<manifest xmlns:android="http://schemas.android.com/apk/res/android"
3    package="com.ecommerceapp"
4    android:versionCode="1"
5    android:versionName="1.0" >
6
7    <uses-sdk
8        android:minSdkVersion="21"
9        android:targetSdkVersion="33" />
10
11    <uses-permission android:name="android.permission.SYSTEM_ALERT_WINDOW" />
11-->src\debug\AndroidManifest.xml:5:5-77
11-->src\debug\AndroidManifest.xml:5:22-75
12    <uses-permission android:name="android.permission.INTERNET" />
12-->src\main\AndroidManifest.xml:3:5-67
12-->src\main\AndroidManifest.xml:3:22-64
13    <uses-permission android:name="android.permission.ACCESS_WIFI_STATE" />
13-->[com.facebook.flipper:flipper:0.182.0] AndroidManifest.xml:16:5-76
13-->[com.facebook.flipper:flipper:0.182.0] AndroidManifest.xml:16:22-73
14    <!--
15         Required to keep CPU alive while downloading files
16        (NOT to keep screen awake)
17    -->
18    <uses-permission android:name="android.permission.WAKE_LOCK" />
18-->[:react-native-blob-util] AndroidManifest.xml:14:5-68
18-->[:react-native-blob-util] AndroidManifest.xml:14:22-65
19    <!--
20         Required to poll the state of the network connection
21        and respond to changes
22    -->
23    <uses-permission android:name="android.permission.ACCESS_NETWORK_STATE" /> <!-- Required to read and write the expansion files on shared storage -->
23-->[:react-native-blob-util] AndroidManifest.xml:20:5-79
23-->[:react-native-blob-util] AndroidManifest.xml:20:22-76
24    <uses-permission android:name="android.permission.WRITE_EXTERNAL_STORAGE" /> <!-- Required to read and write the expansion files on shared storage for Android 11 -->
24-->[:react-native-blob-util] AndroidManifest.xml:26:5-81
24-->[:react-native-blob-util] AndroidManifest.xml:26:22-78
25    <uses-permission android:name="android.permission.READ_EXTERNAL_STORAGE" /> <!-- Required to to download files without a notification -->
25-->[:react-native-blob-util] AndroidManifest.xml:29:5-80
25-->[:react-native-blob-util] AndroidManifest.xml:29:22-77
26    <uses-permission android:name="android.permission.DOWNLOAD_WITHOUT_NOTIFICATION" />
26-->[:react-native-blob-util] AndroidManifest.xml:32:5-88
26-->[:react-native-blob-util] AndroidManifest.xml:32:22-85
27
28    <queries>
28-->[com.razorpay:checkout:1.6.34] AndroidManifest.xml:10:5-39:15
29        <intent>
29-->[com.razorpay:checkout:1.6.34] AndroidManifest.xml:11:9-17:18
30            <action android:name="android.intent.action.VIEW" />
30-->[com.razorpay:checkout:1.6.34] AndroidManifest.xml:12:13-65
30-->[com.razorpay:checkout:1.6.34] AndroidManifest.xml:12:21-62
31
32            <data
32-->[com.razorpay:checkout:1.6.34] AndroidManifest.xml:14:13-16:38
33                android:mimeType="*/*"
33-->[com.razorpay:checkout:1.6.34] AndroidManifest.xml:15:17-39
34                android:scheme="*" />
34-->[com.razorpay:checkout:1.6.34] AndroidManifest.xml:16:17-35
35        </intent>
36        <intent>
36-->[com.razorpay:checkout:1.6.34] AndroidManifest.xml:18:9-27:18
37            <action android:name="android.intent.action.VIEW" />
37-->[com.razorpay:checkout:1.6.34] AndroidManifest.xml:12:13-65
37-->[com.razorpay:checkout:1.6.34] AndroidManifest.xml:12:21-62
38
39            <category android:name="android.intent.category.BROWSABLE" />
39-->[com.razorpay:checkout:1.6.34] AndroidManifest.xml:21:13-74
39-->[com.razorpay:checkout:1.6.34] AndroidManifest.xml:21:23-71
40
41            <data
41-->[com.razorpay:checkout:1.6.34] AndroidManifest.xml:14:13-16:38
42                android:host="pay"
43                android:mimeType="*/*"
43-->[com.razorpay:checkout:1.6.34] AndroidManifest.xml:15:17-39
44                android:scheme="upi" />
44-->[com.razorpay:checkout:1.6.34] AndroidManifest.xml:16:17-35
45        </intent>
46        <intent>
46-->[com.razorpay:checkout:1.6.34] AndroidManifest.xml:28:9-30:18
47            <action android:name="android.intent.action.MAIN" />
47-->src\main\AndroidManifest.xml:20:13-65
47-->src\main\AndroidManifest.xml:20:21-62
48        </intent>
49        <intent>
49-->[com.razorpay:checkout:1.6.34] AndroidManifest.xml:31:9-35:18
50            <action android:name="android.intent.action.SEND" />
50-->[com.razorpay:checkout:1.6.34] AndroidManifest.xml:32:13-65
50-->[com.razorpay:checkout:1.6.34] AndroidManifest.xml:32:21-62
51
52            <data android:mimeType="*/*" />
52-->[com.razorpay:checkout:1.6.34] AndroidManifest.xml:14:13-16:38
52-->[com.razorpay:checkout:1.6.34] AndroidManifest.xml:15:17-39
53        </intent>
54        <intent>
54-->[com.razorpay:checkout:1.6.34] AndroidManifest.xml:36:9-38:18
55            <action android:name="rzp.device_token.share" />
55-->[com.razorpay:checkout:1.6.34] AndroidManifest.xml:37:13-61
55-->[com.razorpay:checkout:1.6.34] AndroidManifest.xml:37:21-58
56        </intent>
57    </queries>
58
59    <uses-feature
59-->[com.google.android.gms:play-services-maps:17.0.0] AndroidManifest.xml:26:5-28:35
60        android:glEsVersion="0x00020000"
60-->[com.google.android.gms:play-services-maps:17.0.0] AndroidManifest.xml:27:9-41
61        android:required="true" />
61-->[com.google.android.gms:play-services-maps:17.0.0] AndroidManifest.xml:28:9-32
62
63    <application
63-->src\main\AndroidManifest.xml:5:5-24:19
64        android:name="com.ecommerceapp.MainApplication"
64-->src\main\AndroidManifest.xml:6:7-38
65        android:allowBackup="false"
65-->src\main\AndroidManifest.xml:10:7-34
66        android:appComponentFactory="androidx.core.app.CoreComponentFactory"
66-->[androidx.core:core:1.7.0] AndroidManifest.xml:24:18-86
67        android:debuggable="true"
68        android:icon="@mipmap/ic_launcher"
68-->src\main\AndroidManifest.xml:8:7-41
69        android:label="@string/app_name"
69-->src\main\AndroidManifest.xml:7:7-39
70        android:roundIcon="@mipmap/ic_launcher_round"
70-->src\main\AndroidManifest.xml:9:7-52
71        android:theme="@style/AppTheme"
71-->src\main\AndroidManifest.xml:11:7-38
72        android:usesCleartextTraffic="true" >
72-->src\debug\AndroidManifest.xml:8:9-44
73        <activity
73-->src\debug\AndroidManifest.xml:11:9-111
74            android:name="com.facebook.react.devsupport.DevSettingsActivity"
74-->src\debug\AndroidManifest.xml:11:19-83
75            android:exported="false" />
75-->src\debug\AndroidManifest.xml:11:84-108
76        <activity
76-->src\main\AndroidManifest.xml:12:7-23:18
77            android:name="com.ecommerceapp.MainActivity"
77-->src\main\AndroidManifest.xml:13:9-37
78            android:configChanges="keyboard|keyboardHidden|orientation|screenLayout|screenSize|smallestScreenSize|uiMode"
78-->src\main\AndroidManifest.xml:15:9-118
79            android:exported="true"
79-->src\main\AndroidManifest.xml:18:9-32
80            android:label="@string/app_name"
80-->src\main\AndroidManifest.xml:14:9-41
81            android:launchMode="singleTask"
81-->src\main\AndroidManifest.xml:16:9-40
82            android:windowSoftInputMode="adjustResize" >
82-->src\main\AndroidManifest.xml:17:9-51
83            <intent-filter>
83-->src\main\AndroidManifest.xml:19:9-22:25
84                <action android:name="android.intent.action.MAIN" />
84-->src\main\AndroidManifest.xml:20:13-65
84-->src\main\AndroidManifest.xml:20:21-62
85
86                <category android:name="android.intent.category.LAUNCHER" />
86-->src\main\AndroidManifest.xml:21:13-73
86-->src\main\AndroidManifest.xml:21:23-70
87            </intent-filter>
88        </activity>
89
90        <provider
90-->[:react-native-blob-util] AndroidManifest.xml:35:9-43:20
91            android:name="com.ReactNativeBlobUtil.Utils.FileProvider"
91-->[:react-native-blob-util] AndroidManifest.xml:36:13-70
92            android:authorities="com.ecommerceapp.provider"
92-->[:react-native-blob-util] AndroidManifest.xml:37:13-60
93            android:exported="false"
93-->[:react-native-blob-util] AndroidManifest.xml:38:13-37
94            android:grantUriPermissions="true" >
94-->[:react-native-blob-util] AndroidManifest.xml:39:13-47
95            <meta-data
95-->[:react-native-blob-util] AndroidManifest.xml:40:13-42:58
96                android:name="android.support.FILE_PROVIDER_PATHS"
96-->[:react-native-blob-util] AndroidManifest.xml:41:17-67
97                android:resource="@xml/provider_paths" />
97-->[:react-native-blob-util] AndroidManifest.xml:42:17-55
98        </provider>
99        <provider
99-->[:react-native-image-picker] AndroidManifest.xml:8:9-16:20
100            android:name="com.imagepicker.ImagePickerProvider"
100-->[:react-native-image-picker] AndroidManifest.xml:9:13-63
101            android:authorities="com.ecommerceapp.imagepickerprovider"
101-->[:react-native-image-picker] AndroidManifest.xml:10:13-71
102            android:exported="false"
102-->[:react-native-image-picker] AndroidManifest.xml:11:13-37
103            android:grantUriPermissions="true" >
103-->[:react-native-image-picker] AndroidManifest.xml:12:13-47
104            <meta-data
104-->[:react-native-blob-util] AndroidManifest.xml:40:13-42:58
105                android:name="android.support.FILE_PROVIDER_PATHS"
105-->[:react-native-blob-util] AndroidManifest.xml:41:17-67
106                android:resource="@xml/imagepicker_provider_paths" />
106-->[:react-native-blob-util] AndroidManifest.xml:42:17-55
107        </provider>
108
109        <activity
109-->[:react-native-razorpay] AndroidManifest.xml:8:9-10:86
110            android:name="com.razorpay.CheckoutActivity"
110-->[:react-native-razorpay] AndroidManifest.xml:9:13-57
111            android:configChanges="keyboard|keyboardHidden|orientation|screenSize"
111-->[:react-native-razorpay] AndroidManifest.xml:10:13-83
112            android:exported="false"
112-->[com.razorpay:checkout:1.6.34] AndroidManifest.xml:54:13-37
113            android:theme="@style/CheckoutTheme" >
113-->[com.razorpay:checkout:1.6.34] AndroidManifest.xml:55:13-49
114            <intent-filter>
114-->[com.razorpay:checkout:1.6.34] AndroidManifest.xml:56:13-58:29
115                <action android:name="android.intent.action.MAIN" />
115-->src\main\AndroidManifest.xml:20:13-65
115-->src\main\AndroidManifest.xml:20:21-62
116            </intent-filter>
117        </activity>
118
119        <provider
119-->[:react-native-webview] AndroidManifest.xml:8:9-16:20
120            android:name="com.reactnativecommunity.webview.RNCWebViewFileProvider"
120-->[:react-native-webview] AndroidManifest.xml:9:13-83
121            android:authorities="com.ecommerceapp.fileprovider"
121-->[:react-native-webview] AndroidManifest.xml:10:13-64
122            android:exported="false"
122-->[:react-native-webview] AndroidManifest.xml:11:13-37
123            android:grantUriPermissions="true" >
123-->[:react-native-webview] AndroidManifest.xml:12:13-47
124            <meta-data
124-->[:react-native-blob-util] AndroidManifest.xml:40:13-42:58
125                android:name="android.support.FILE_PROVIDER_PATHS"
125-->[:react-native-blob-util] AndroidManifest.xml:41:17-67
126                android:resource="@xml/file_provider_paths" />
126-->[:react-native-blob-util] AndroidManifest.xml:42:17-55
127        </provider>
128
129        <receiver
129-->[com.razorpay:checkout:1.6.34] AndroidManifest.xml:42:9-49:20
130            android:name="com.razorpay.RzpTokenReceiver"
130-->[com.razorpay:checkout:1.6.34] AndroidManifest.xml:43:13-57
131            android:exported="true" >
131-->[com.razorpay:checkout:1.6.34] AndroidManifest.xml:44:13-36
132            <intent-filter>
132-->[com.razorpay:checkout:1.6.34] AndroidManifest.xml:46:13-48:29
133                <action android:name="rzp.device_token.share" />
133-->[com.razorpay:checkout:1.6.34] AndroidManifest.xml:37:13-61
133-->[com.razorpay:checkout:1.6.34] AndroidManifest.xml:37:21-58
134            </intent-filter>
135        </receiver>
136
137        <meta-data
137-->[com.razorpay:checkout:1.6.34] AndroidManifest.xml:61:9-63:58
138            android:name="com.razorpay.plugin.googlepay_all"
138-->[com.razorpay:checkout:1.6.34] AndroidManifest.xml:62:13-61
139            android:value="com.razorpay.RzpGpayMerged" />
139-->[com.razorpay:checkout:1.6.34] AndroidManifest.xml:63:13-55
140        <meta-data
140-->[com.facebook.soloader:soloader:0.10.5] AndroidManifest.xml:12:9-14:37
141            android:name="com.facebook.soloader.enabled"
141-->[com.facebook.soloader:soloader:0.10.5] AndroidManifest.xml:13:13-57
142            android:value="false" />
142-->[com.facebook.soloader:soloader:0.10.5] AndroidManifest.xml:14:13-34
143
144        <activity
144-->[com.google.android.gms:play-services-auth:17.0.0] AndroidManifest.xml:23:9-27:75
145            android:name="com.google.android.gms.auth.api.signin.internal.SignInHubActivity"
145-->[com.google.android.gms:play-services-auth:17.0.0] AndroidManifest.xml:24:13-93
146            android:excludeFromRecents="true"
146-->[com.google.android.gms:play-services-auth:17.0.0] AndroidManifest.xml:25:13-46
147            android:exported="false"
147-->[com.google.android.gms:play-services-auth:17.0.0] AndroidManifest.xml:26:13-37
148            android:theme="@android:style/Theme.Translucent.NoTitleBar" />
148-->[com.google.android.gms:play-services-auth:17.0.0] AndroidManifest.xml:27:13-72
149        <!--
150            Service handling Google Sign-In user revocation. For apps that do not integrate with
151            Google Sign-In, this service will never be started.
152        -->
153        <service
153-->[com.google.android.gms:play-services-auth:17.0.0] AndroidManifest.xml:33:9-36:110
154            android:name="com.google.android.gms.auth.api.signin.RevocationBoundService"
154-->[com.google.android.gms:play-services-auth:17.0.0] AndroidManifest.xml:34:13-89
155            android:exported="true"
155-->[com.google.android.gms:play-services-auth:17.0.0] AndroidManifest.xml:35:13-36
156            android:permission="com.google.android.gms.auth.api.signin.permission.REVOCATION_NOTIFICATION" /> <!-- Needs to be explicitly declared on P+ -->
156-->[com.google.android.gms:play-services-auth:17.0.0] AndroidManifest.xml:36:13-107
157        <uses-library
157-->[com.google.android.gms:play-services-maps:17.0.0] AndroidManifest.xml:33:9-35:40
158            android:name="org.apache.http.legacy"
158-->[com.google.android.gms:play-services-maps:17.0.0] AndroidManifest.xml:34:13-50
159            android:required="false" />
159-->[com.google.android.gms:play-services-maps:17.0.0] AndroidManifest.xml:35:13-37
160
161        <activity
161-->[com.google.android.gms:play-services-base:17.5.0] AndroidManifest.xml:23:9-26:75
162            android:name="com.google.android.gms.common.api.GoogleApiActivity"
162-->[com.google.android.gms:play-services-base:17.5.0] AndroidManifest.xml:24:13-79
163            android:exported="false"
163-->[com.google.android.gms:play-services-base:17.5.0] AndroidManifest.xml:25:13-37
164            android:theme="@android:style/Theme.Translucent.NoTitleBar" />
164-->[com.google.android.gms:play-services-base:17.5.0] AndroidManifest.xml:26:13-72
165
166        <meta-data
166-->[com.google.android.gms:play-services-basement:17.6.0] AndroidManifest.xml:23:9-25:69
167            android:name="com.google.android.gms.version"
167-->[com.google.android.gms:play-services-basement:17.6.0] AndroidManifest.xml:24:13-58
168            android:value="@integer/google_play_services_version" />
168-->[com.google.android.gms:play-services-basement:17.6.0] AndroidManifest.xml:25:13-66
169
170        <provider
170-->[androidx.emoji2:emoji2:1.0.0] AndroidManifest.xml:26:9-34:20
171            android:name="androidx.startup.InitializationProvider"
171-->[androidx.emoji2:emoji2:1.0.0] AndroidManifest.xml:27:13-67
172            android:authorities="com.ecommerceapp.androidx-startup"
172-->[androidx.emoji2:emoji2:1.0.0] AndroidManifest.xml:28:13-68
173            android:exported="false" >
173-->[androidx.emoji2:emoji2:1.0.0] AndroidManifest.xml:29:13-37
174            <meta-data
174-->[androidx.emoji2:emoji2:1.0.0] AndroidManifest.xml:31:13-33:52
175                android:name="androidx.emoji2.text.EmojiCompatInitializer"
175-->[androidx.emoji2:emoji2:1.0.0] AndroidManifest.xml:32:17-75
176                android:value="androidx.startup" />
176-->[androidx.emoji2:emoji2:1.0.0] AndroidManifest.xml:33:17-49
177            <meta-data
177-->[androidx.lifecycle:lifecycle-process:2.4.0] AndroidManifest.xml:31:13-33:52
178                android:name="androidx.lifecycle.ProcessLifecycleInitializer"
178-->[androidx.lifecycle:lifecycle-process:2.4.0] AndroidManifest.xml:32:17-78
179                android:value="androidx.startup" />
179-->[androidx.lifecycle:lifecycle-process:2.4.0] AndroidManifest.xml:33:17-49
180        </provider>
181    </application>
182
183</manifest>